<?xml version="1.0" encoding="utf-8"?><testsuites name="pytest tests"><testsuite name="pytest" errors="0" failures="0" skipped="0" tests="13" time="0.865" timestamp="2026-02-11T17:54:17.998837+00:00" hostname="agent-env-b4bd02e7-6cfa-464b-9b3d-44e4908f65f8"><testcase classname="backend.tests.test_trends_api.TestHealthCheck" name="test_health_endpoint" time="0.096" /><testcase classname="backend.tests.test_trends_api.TestTrendsAPI" name="test_add_trend_success" time="0.077" /><testcase classname="backend.tests.test_trends_api.TestTrendsAPI" name="test_add_trend_and_verify_persistence" time="0.114" /><testcase classname="backend.tests.test_trends_api.TestTrendsAPI" name="test_add_trend_missing_required_fields" time="0.036" /><testcase classname="backend.tests.test_trends_api.TestTrendsAPI" name="test_list_trends" time="0.037" /><testcase classname="backend.tests.test_trends_api.TestTrendsAPI" name="test_list_trends_with_niche_filter" time="0.106" /><testcase classname="backend.tests.test_trends_api.TestTrendsAPI" name="test_delete_trend_success" time="0.111" /><testcase classname="backend.tests.test_trends_api.TestTrendsAPI" name="test_delete_trend_not_found" time="0.040" /><testcase classname="backend.tests.test_trends_api.TestNichesAPI" name="test_get_recommended_niches" time="0.036" /><testcase classname="backend.tests.test_trends_api.TestNichesAPI" name="test_get_recommended_niches_with_limit" time="0.036" /><testcase classname="backend.tests.test_trends_api.TestDashboardAPI" name="test_get_dashboard_stats" time="0.037" /><testcase classname="backend.tests.test_trends_api.TestAnalyticsAPI" name="test_list_analytics" time="0.036" /><testcase classname="backend.tests.test_trends_api.TestVideosAPI" name="test_list_videos" time="0.034" /></testsuite></testsuites>