<analysis>**original_problem_statement:**
L'utilisateur souhaite créer une application à usage personnel inspirée de  pour automatiser et optimiser la création de contenu TikTok. L'objectif principal est de maximiser les revenus générés par les vidéos.

**PRODUCT REQUIREMENTS:**
1.  **Génération de Contenu :**
    *   Générer des scripts, des visuels (images/vidéos IA, banques d'images), des sous-titres, et des descriptions optimisées.
    *   S'inspirer soit d'un lien vidéo fourni par l'utilisateur, soit en trouvant automatiquement des vidéos virales dans une niche donnée.
2.  **Analyse et Stratégie :**
    *   Analyser les tendances et les données analytiques fournies manuellement par l'utilisateur.
    *   Identifier et recommander les niches les plus rentables sur TikTok.
    *   Analyser la viralité potentielle des contenus.
3.  **Apprentissage et Optimisation :**
    *   Mettre en place une boucle de rétro-apprentissage () pour analyser les performances des vidéos (vues, engagement) et ajuster les stratégies futures.
    *   Proposer de nouvelles niches si les performances sont faibles.
4.  **Fonctionnalités Exclues :**
    *   Pas de pages marketing ou de tarification (), l'usage est personnel et gratuit.
5.  **Gestion de Compte :**
    *   Gérer plusieurs comptes TikTok et automatiser la publication (fonctionnalité future).
6.  **Pile Technique :**
    *   Créer une application full-stack (backend et frontend) et la rendre disponible sur GitHub pour un déploiement local.
    *   Utiliser la clé universelle Emergent () pour les services d'IA.
    *   Utiliser OpenAI TTS pour la synthèse vocale.

**User's preferred language**: Français (fr). The next agent MUST respond in French.

**what currently exists?**
Une application full-stack a été créée avec un backend en FastAPI (Python) et un frontend en React. Le backend inclut des services pour l'IA, l'analyse de niches et la génération vidéo (actuellement sous forme de squelette). La base de données est MongoDB, accédée via le driver asynchrone . Le frontend contient des composants pour un tableau de bord, la gestion des tendances, l'analyse et la génération de vidéos. L'environnement de développement local est configuré avec Docker Compose et Supervisor. Des corrections importantes ont été apportées, notamment pour la sérialisation des  de MongoDB et pour résoudre une erreur de build de TailwindCSS.

**Last working item**:
*   **Last item agent was working:** L'utilisateur a signalé une erreur lors de la tentative d'ajout d'une nouvelle tendance via le formulaire de l'interface. Une capture d'écran de l'erreur a été fournie. L'agent a reconnu le problème et s'apprêtait à commencer le débogage.
*   **Status:** IN PROGRESS
*   **Agent Testing Done:** N
*   **Which testing method agent to use?** both. L'agent doit d'abord examiner les logs du backend (==> /var/log/supervisor/backend.err.log <==
  File "/root/.venv/lib/python3.11/site-packages/fastapi/encoders.py", line 301, in jsonable_encoder
    jsonable_encoder(
  File "/root/.venv/lib/python3.11/site-packages/fastapi/encoders.py", line 287, in jsonable_encoder
    encoded_value = jsonable_encoder(
                    ^^^^^^^^^^^^^^^^^
  File "/root/.venv/lib/python3.11/site-packages/fastapi/encoders.py", line 330, in jsonable_encoder
    raise ValueError(errors) from e
ValueError: [TypeError("'ObjectId' object is not iterable"), TypeError('vars() argument must have __dict__ attribute')]
ERROR:    Exception in ASGI application
Traceback (most recent call last):
  File "/root/.venv/lib/python3.11/site-packages/fastapi/encoders.py", line 322, in jsonable_encoder
    data = dict(obj)
           ^^^^^^^^^
TypeError: 'ObjectId' object is not iterable

During handling of the above exception, another exception occurred:

Traceback (most recent call last):
  File "/root/.venv/lib/python3.11/site-packages/fastapi/encoders.py", line 327, in jsonable_encoder
    data = vars(obj)
           ^^^^^^^^^
TypeError: vars() argument must have __dict__ attribute

The above exception was the direct cause of the following exception:

Traceback (most recent call last):
  File "/root/.venv/lib/python3.11/site-packages/uvicorn/protocols/http/h11_impl.py", line 404, in run_asgi
    result = await app(  # type: ignore[func-returns-value]
             ^^^^^^^^^^^^^^^^^^^^^^^^^^^^^^^^^^^^^^^^^^^^^^
  File "/root/.venv/lib/python3.11/site-packages/uvicorn/middleware/proxy_headers.py", line 84, in __call__
    return await self.app(scope, receive, send)
           ^^^^^^^^^^^^^^^^^^^^^^^^^^^^^^^^^^^^
  File "/root/.venv/lib/python3.11/site-packages/fastapi/applications.py", line 1054, in __call__
    await super().__call__(scope, receive, send)
  File "/root/.venv/lib/python3.11/site-packages/starlette/applications.py", line 123, in __call__
    await self.middleware_stack(scope, receive, send)
  File "/root/.venv/lib/python3.11/site-packages/starlette/middleware/errors.py", line 186, in __call__
    raise exc
  File "/root/.venv/lib/python3.11/site-packages/starlette/middleware/errors.py", line 164, in __call__
    await self.app(scope, receive, _send)
  File "/root/.venv/lib/python3.11/site-packages/starlette/middleware/cors.py", line 83, in __call__
    await self.app(scope, receive, send)
  File "/root/.venv/lib/python3.11/site-packages/starlette/middleware/exceptions.py", line 62, in __call__
    await wrap_app_handling_exceptions(self.app, conn)(scope, receive, send)
  File "/root/.venv/lib/python3.11/site-packages/starlette/_exception_handler.py", line 64, in wrapped_app
    raise exc
  File "/root/.venv/lib/python3.11/site-packages/starlette/_exception_handler.py", line 53, in wrapped_app
    await app(scope, receive, sender)
  File "/root/.venv/lib/python3.11/site-packages/starlette/routing.py", line 762, in __call__
    await self.middleware_stack(scope, receive, send)
  File "/root/.venv/lib/python3.11/site-packages/starlette/routing.py", line 782, in app
    await route.handle(scope, receive, send)
  File "/root/.venv/lib/python3.11/site-packages/starlette/routing.py", line 297, in handle
    await self.app(scope, receive, send)
  File "/root/.venv/lib/python3.11/site-packages/starlette/routing.py", line 77, in app
    await wrap_app_handling_exceptions(app, request)(scope, receive, send)
  File "/root/.venv/lib/python3.11/site-packages/starlette/_exception_handler.py", line 64, in wrapped_app
    raise exc
  File "/root/.venv/lib/python3.11/site-packages/starlette/_exception_handler.py", line 53, in wrapped_app
    await app(scope, receive, sender)
  File "/root/.venv/lib/python3.11/site-packages/starlette/routing.py", line 72, in app
    response = await func(request)
               ^^^^^^^^^^^^^^^^^^^
  File "/root/.venv/lib/python3.11/site-packages/fastapi/routing.py", line 315, in app
    content = await serialize_response(
              ^^^^^^^^^^^^^^^^^^^^^^^^^
  File "/root/.venv/lib/python3.11/site-packages/fastapi/routing.py", line 180, in serialize_response
    return jsonable_encoder(response_content)
           ^^^^^^^^^^^^^^^^^^^^^^^^^^^^^^^^^^
  File "/root/.venv/lib/python3.11/site-packages/fastapi/encoders.py", line 287, in jsonable_encoder
    encoded_value = jsonable_encoder(
                    ^^^^^^^^^^^^^^^^^
  File "/root/.venv/lib/python3.11/site-packages/fastapi/encoders.py", line 301, in jsonable_encoder
    jsonable_encoder(
  File "/root/.venv/lib/python3.11/site-packages/fastapi/encoders.py", line 287, in jsonable_encoder
    encoded_value = jsonable_encoder(
                    ^^^^^^^^^^^^^^^^^
  File "/root/.venv/lib/python3.11/site-packages/fastapi/encoders.py", line 330, in jsonable_encoder
    raise ValueError(errors) from e
ValueError: [TypeError("'ObjectId' object is not iterable"), TypeError('vars() argument must have __dict__ attribute')]
INFO:     Shutting down
INFO:     Waiting for application shutdown.
INFO:     Application shutdown complete.
INFO:     Finished server process [1613]
INFO:     Started server process [2194]
INFO:     Waiting for application startup.
INFO:     Application startup complete.
INFO:     Uvicorn running on http://0.0.0.0:8001 (Press CTRL+C to quit)
INFO:     Shutting down
INFO:     Waiting for application shutdown.
INFO:     Application shutdown complete.
INFO:     Finished server process [2194]
INFO:     Started server process [6837]
INFO:     Waiting for application startup.
INFO:     Application startup complete.
INFO:     Uvicorn running on http://0.0.0.0:8001 (Press CTRL+C to quit)
INFO:     Started server process [44]
INFO:     Waiting for application startup.
INFO:     Application startup complete.
INFO:     Uvicorn running on http://0.0.0.0:8001 (Press CTRL+C to quit)

==> /var/log/supervisor/backend.out.log <==
INFO:     127.0.0.1:57044 - "GET /api/health HTTP/1.1" 200 OK
INFO:     127.0.0.1:40498 - "POST /api/trends HTTP/1.1" 200 OK
INFO:     127.0.0.1:36128 - "POST /api/trends HTTP/1.1" 200 OK
INFO:     127.0.0.1:36134 - "GET /api/niches/recommended HTTP/1.1" 500 Internal Server Error
INFO:     127.0.0.1:54018 - "GET /api/niches/recommended HTTP/1.1" 500 Internal Server Error
INFO:     127.0.0.1:54334 - "GET /api/health HTTP/1.1" 200 OK
INFO:     127.0.0.1:54264 - "GET /api/niches/recommended HTTP/1.1" 200 OK
INFO:     127.0.0.1:54280 - "GET /api/dashboard/stats HTTP/1.1" 200 OK
INFO:     127.0.0.1:47324 - "GET /api/health HTTP/1.1" 200 OK
INFO:     127.0.0.1:43286 - "GET /api/health HTTP/1.1" 200 OK) pour identifier la cause de l'échec de l'appel API. Ensuite, utiliser l'agent de test frontend pour valider le comportement du formulaire et la gestion des erreurs.
*   **User Testing Done:** Y

**All Pending/In progress Issue list**:
*   **Issue 1: L'ajout d'une nouvelle tendance est cassé (P0)**
    *   **Description:** L'utilisateur reçoit un message d'erreur en soumettant le formulaire pour ajouter une tendance, même si tous les champs sont remplis. Cette fonctionnalité est essentielle car elle bloque tout le flux de travail de l'application.

*   **Issues Detail:**
    *   **Issue 1:**
        *   **Attempted fixes:** Aucun. Le problème vient d'être signalé.
        *   **Next debug checklist:**
            1.  Examiner les logs du backend (==> /var/log/supervisor/backend.err.log <==
  File "/root/.venv/lib/python3.11/site-packages/fastapi/encoders.py", line 301, in jsonable_encoder
    jsonable_encoder(
  File "/root/.venv/lib/python3.11/site-packages/fastapi/encoders.py", line 287, in jsonable_encoder
    encoded_value = jsonable_encoder(
                    ^^^^^^^^^^^^^^^^^
  File "/root/.venv/lib/python3.11/site-packages/fastapi/encoders.py", line 330, in jsonable_encoder
    raise ValueError(errors) from e
ValueError: [TypeError("'ObjectId' object is not iterable"), TypeError('vars() argument must have __dict__ attribute')]
ERROR:    Exception in ASGI application
Traceback (most recent call last):
  File "/root/.venv/lib/python3.11/site-packages/fastapi/encoders.py", line 322, in jsonable_encoder
    data = dict(obj)
           ^^^^^^^^^
TypeError: 'ObjectId' object is not iterable

During handling of the above exception, another exception occurred:

Traceback (most recent call last):
  File "/root/.venv/lib/python3.11/site-packages/fastapi/encoders.py", line 327, in jsonable_encoder
    data = vars(obj)
           ^^^^^^^^^
TypeError: vars() argument must have __dict__ attribute

The above exception was the direct cause of the following exception:

Traceback (most recent call last):
  File "/root/.venv/lib/python3.11/site-packages/uvicorn/protocols/http/h11_impl.py", line 404, in run_asgi
    result = await app(  # type: ignore[func-returns-value]
             ^^^^^^^^^^^^^^^^^^^^^^^^^^^^^^^^^^^^^^^^^^^^^^
  File "/root/.venv/lib/python3.11/site-packages/uvicorn/middleware/proxy_headers.py", line 84, in __call__
    return await self.app(scope, receive, send)
           ^^^^^^^^^^^^^^^^^^^^^^^^^^^^^^^^^^^^
  File "/root/.venv/lib/python3.11/site-packages/fastapi/applications.py", line 1054, in __call__
    await super().__call__(scope, receive, send)
  File "/root/.venv/lib/python3.11/site-packages/starlette/applications.py", line 123, in __call__
    await self.middleware_stack(scope, receive, send)
  File "/root/.venv/lib/python3.11/site-packages/starlette/middleware/errors.py", line 186, in __call__
    raise exc
  File "/root/.venv/lib/python3.11/site-packages/starlette/middleware/errors.py", line 164, in __call__
    await self.app(scope, receive, _send)
  File "/root/.venv/lib/python3.11/site-packages/starlette/middleware/cors.py", line 83, in __call__
    await self.app(scope, receive, send)
  File "/root/.venv/lib/python3.11/site-packages/starlette/middleware/exceptions.py", line 62, in __call__
    await wrap_app_handling_exceptions(self.app, conn)(scope, receive, send)
  File "/root/.venv/lib/python3.11/site-packages/starlette/_exception_handler.py", line 64, in wrapped_app
    raise exc
  File "/root/.venv/lib/python3.11/site-packages/starlette/_exception_handler.py", line 53, in wrapped_app
    await app(scope, receive, sender)
  File "/root/.venv/lib/python3.11/site-packages/starlette/routing.py", line 762, in __call__
    await self.middleware_stack(scope, receive, send)
  File "/root/.venv/lib/python3.11/site-packages/starlette/routing.py", line 782, in app
    await route.handle(scope, receive, send)
  File "/root/.venv/lib/python3.11/site-packages/starlette/routing.py", line 297, in handle
    await self.app(scope, receive, send)
  File "/root/.venv/lib/python3.11/site-packages/starlette/routing.py", line 77, in app
    await wrap_app_handling_exceptions(app, request)(scope, receive, send)
  File "/root/.venv/lib/python3.11/site-packages/starlette/_exception_handler.py", line 64, in wrapped_app
    raise exc
  File "/root/.venv/lib/python3.11/site-packages/starlette/_exception_handler.py", line 53, in wrapped_app
    await app(scope, receive, sender)
  File "/root/.venv/lib/python3.11/site-packages/starlette/routing.py", line 72, in app
    response = await func(request)
               ^^^^^^^^^^^^^^^^^^^
  File "/root/.venv/lib/python3.11/site-packages/fastapi/routing.py", line 315, in app
    content = await serialize_response(
              ^^^^^^^^^^^^^^^^^^^^^^^^^
  File "/root/.venv/lib/python3.11/site-packages/fastapi/routing.py", line 180, in serialize_response
    return jsonable_encoder(response_content)
           ^^^^^^^^^^^^^^^^^^^^^^^^^^^^^^^^^^
  File "/root/.venv/lib/python3.11/site-packages/fastapi/encoders.py", line 287, in jsonable_encoder
    encoded_value = jsonable_encoder(
                    ^^^^^^^^^^^^^^^^^
  File "/root/.venv/lib/python3.11/site-packages/fastapi/encoders.py", line 301, in jsonable_encoder
    jsonable_encoder(
  File "/root/.venv/lib/python3.11/site-packages/fastapi/encoders.py", line 287, in jsonable_encoder
    encoded_value = jsonable_encoder(
                    ^^^^^^^^^^^^^^^^^
  File "/root/.venv/lib/python3.11/site-packages/fastapi/encoders.py", line 330, in jsonable_encoder
    raise ValueError(errors) from e
ValueError: [TypeError("'ObjectId' object is not iterable"), TypeError('vars() argument must have __dict__ attribute')]
INFO:     Shutting down
INFO:     Waiting for application shutdown.
INFO:     Application shutdown complete.
INFO:     Finished server process [1613]
INFO:     Started server process [2194]
INFO:     Waiting for application startup.
INFO:     Application startup complete.
INFO:     Uvicorn running on http://0.0.0.0:8001 (Press CTRL+C to quit)
INFO:     Shutting down
INFO:     Waiting for application shutdown.
INFO:     Application shutdown complete.
INFO:     Finished server process [2194]
INFO:     Started server process [6837]
INFO:     Waiting for application startup.
INFO:     Application startup complete.
INFO:     Uvicorn running on http://0.0.0.0:8001 (Press CTRL+C to quit)
INFO:     Started server process [44]
INFO:     Waiting for application startup.
INFO:     Application startup complete.
INFO:     Uvicorn running on http://0.0.0.0:8001 (Press CTRL+C to quit)

==> /var/log/supervisor/backend.out.log <==
INFO:     127.0.0.1:57044 - "GET /api/health HTTP/1.1" 200 OK
INFO:     127.0.0.1:40498 - "POST /api/trends HTTP/1.1" 200 OK
INFO:     127.0.0.1:36128 - "POST /api/trends HTTP/1.1" 200 OK
INFO:     127.0.0.1:36134 - "GET /api/niches/recommended HTTP/1.1" 500 Internal Server Error
INFO:     127.0.0.1:54018 - "GET /api/niches/recommended HTTP/1.1" 500 Internal Server Error
INFO:     127.0.0.1:54334 - "GET /api/health HTTP/1.1" 200 OK
INFO:     127.0.0.1:54264 - "GET /api/niches/recommended HTTP/1.1" 200 OK
INFO:     127.0.0.1:54280 - "GET /api/dashboard/stats HTTP/1.1" 200 OK
INFO:     127.0.0.1:47324 - "GET /api/health HTTP/1.1" 200 OK
INFO:     127.0.0.1:43286 - "GET /api/health HTTP/1.1" 200 OK) pour toute erreur survenant lors de l'appel .
            2.  Vérifier le code du point de terminaison  dans  pour s'assurer qu'il gère correctement les données entrantes.
            3.  Inspecter la fonction  dans  et son appel dans .
            4.  Vérifier que la charge utile (payload) envoyée par le frontend correspond exactement à ce que le backend attend (noms des champs, types de données).
            5.  Utiliser  pour tester manuellement le point de terminaison  avec des données valides afin d'isoler le problème (backend ou frontend).
        *   **Why fix this issue and what will be achieved with the fix?** La correction de ce bug débloquera la fonctionnalité de base de l'application, permettant à l'utilisateur de saisir des données de tendance, qui sont nécessaires pour l'analyse des niches et la génération de vidéos.
        *   **Status:** IN PROGRESS
        *   **Is recurring issue?** N
        *   **Should Test frontend/backend/both after fix?** both
        *   **Blocked on other issue:** None

**In progress Task List**:
N/A

**Upcoming and Future Tasks**
*   **Upcoming Tasks:**
    *   **P1 - Implémentation de la génération vidéo :** Finaliser la logique dans  et  () pour générer une vidéo complète : création de script par l'IA, synthèse vocale avec TTS, et montage vidéo avec .
    *   **P1 - Implémentation de la boucle de rétro-apprentissage :** Intégrer le  pour analyser les performances des vidéos (saisies manuellement via ) et ajuster les futures stratégies de contenu.
    *   **P2 - Recherche automatique de vidéos virales :** Ajouter une fonctionnalité pour scraper ou utiliser une API afin de trouver des vidéos TikTok virales pour inspirer le contenu, comme demandé initialement.

*   **Future Tasks:**
    *   **P2 - Gestion multi-comptes :** Implémenter la gestion de plusieurs profils TikTok, y compris le stockage sécurisé des informations d'identification.
    *   **P2 - Publication et planification automatiques :** Intégrer un planificateur et utiliser l'API TikTok pour publier automatiquement les vidéos.

**Completed work in this session**
- **Recently completed:**
    - Création de la structure complète de l'application full-stack (FastAPI/React/MongoDB).
    - Mise en place de l'architecture backend avec des services distincts pour l'IA, la vidéo et l'analyse.
    - Création de l'interface utilisateur React avec des composants pour chaque fonctionnalité majeure.
    - Intégration de la librairie  pour les appels aux modèles d'IA.
    - Correction d'un bug de sérialisation JSON des  de MongoDB ().
    - Correction d'une erreur de build du frontend en rétrogradant la version de TailwindCSS ().
    - Mise en place d'un environnement de déploiement local via Docker (, ).
    - Génération de plusieurs fichiers de documentation (, , ).
    - Préparation du projet pour être sauvegardé sur GitHub.

**Earlier issues found/mentioned but not fixed**
N/A

**Known issue recurrence from previous fork**
N/A

**Code Architecture**


**Key Technical Concepts**
- **Frontend**: React.js, TailwindCSS
- **Backend**: FastAPI (Python), Uvicorn
- **Database**: MongoDB (avec )
- **AI / Integrations**:  (OpenAI GPT-4o, OpenAI TTS, Fal.ai)
- **Video Processing**: , 
- **Deployment**: Docker, Docker Compose, Supervisor

**key DB schema**
- **trends**: 
- **videos**: 
- **analytics**: 

**changes in tech stack**
- **TailwindCSS**: La version a été rétrogradée de  à  pour assurer la compatibilité avec PostCSS et corriger une erreur de build lors du déploiement.

**All files of reference**
- : Fichier principal du backend contenant toutes les routes API.
- : Le composant React où l'erreur se produit.
- : Fichier gérant les appels API depuis le frontend.
- : Logique métier pour l'analyse des niches.
- : Configuration pour le lancement de l'environnement local.
- : Fichier de configuration pour la gestion des processus backend et frontend.

**Areas that need refactoring**:
N/A

**key api endpoints**
- : Ajoute une nouvelle tendance. **(ACTUELLEMENT DÉFECTUEUX)**
- : Récupère toutes les tendances.
- : Obtient des recommandations de niches.
- : Récupère les statistiques pour le tableau de bord.
- : Lance la génération d'une vidéo.
- : Liste les vidéos générées.

**Critical Info for New Agent**
- L'agent a construit l'application de zéro au cours de cette session.
- La priorité absolue est de corriger la fonctionnalité Ajouter Tendance qui est complètement bloquée.
- L'architecture a été conçue pour un déploiement local via Docker, comme demandé par l'utilisateur pour une utilisation via GitHub.
- Une erreur de build liée à TailwindCSS v4 a été résolue en revenant à la v3. Il ne faut pas mettre à jour cette dépendance sans précaution.
- Une solution a été implémentée dans  pour gérer la sérialisation des  MongoDB, qui est cruciale pour le bon fonctionnement des API.

**documents and test reports created in this job**
- 
- 
- 
- 
- 
- 
- 
- 

**Last 10 User Messages and any pending HUMAN messages**
1.  **User:** J'ai l'abonnement et j'ai sauvegardé sur GitHub, mais je ne sais pas comment le lancer. (Completed)
2.  **Agent:** A fourni des instructions détaillées pour cloner et lancer l'application localement avec Docker. (Completed)
3.  **User:** Demande un Health Check via l'agent de déploiement. (Completed)
4.  **Agent:** A exécuté l'agent, qui a identifié des problèmes. (Completed)
5.  **User:** Fournit des logs d'erreur de build liés à TailwindCSS. (Completed)
6.  **Agent:** A identifié et corrigé le problème de TailwindCSS. (Completed)
7.  **User:** Quand j'essaie d'ajouter une tendance, j'ai un message d'erreur. (Pending - Current task)
8.  **Agent:** A accusé réception du nouveau bug. (Pending)
9.  **User:** (Implicite) Demande de corriger les erreurs de déploiement. (Completed)
10. **Agent:** A corrigé plusieurs problèmes de déploiement (URL de l'API, Supervisor, conflits de ports). (Completed)

**Project Health Check:**
- **Broken**:
    - La fonctionnalité d'ajout de tendance () est non fonctionnelle, empêchant toute utilisation de l'application.
- **Mocked**:
    - La génération de vidéo est un squelette ; la logique de création et de montage n'est pas implémentée.
    - Le service de rétro-apprentissage () est présent mais non fonctionnel et non intégré.

**3rd Party Integrations**
- **OpenAI GPT-4o** (Génération de texte) — utilise .
- **OpenAI TTS** (Synthèse vocale) — utilise .
- **Fal.ai** (Génération vidéo) — nécessite une clé API utilisateur (non encore demandée).

**Testing status**
- **Testing agent used after significant changes:** NO
- **Troubleshoot agent used after agent stuck in loop:** NO
- **Test files created:** None
- **Known regressions:** None (la fonctionnalité cassée n'a jamais fonctionné correctement).

**Credentials to test flow:**
Une clé  est nécessaire et doit être placée dans le fichier  après le clonage du projet depuis GitHub.

**What agent forgot to execute**
L'agent s'est concentré sur la mise en place de l'architecture et a omis de tester les fonctionnalités de base après leur création, comme l'ajout d'une tendance via . Cela a conduit l'utilisateur à découvrir le bug. Les fonctionnalités complexes (génération vidéo, apprentissage) sont également encore à l'état de squelette et n'ont pas été implémentées.</analysis>
